{"@timestamp":"2024-08-07T10:28:19.012+07:00","@version":"1","message":"HikariPool-74 - Added connection S0627AAT","logger_name":"com.zaxxer.hikari.pool.HikariPool","thread_name":"HikariPool-74 connection adder","level":"DEBUG","level_value":10000,"appname":"authen_apiv2"}
{"@timestamp":"2024-08-07T10:28:19.016+07:00","@version":"1","message":"HikariPool-73 - Added connection S0627AAT","logger_name":"com.zaxxer.hikari.pool.HikariPool","thread_name":"HikariPool-73 connection adder","level":"DEBUG","level_value":10000,"appname":"authen_apiv2"}
{"@timestamp":"2024-08-07T10:28:19.416+07:00","@version":"1","message":"HikariPool-74 - Added connection S0627AAT","logger_name":"com.zaxxer.hikari.pool.HikariPool","thread_name":"HikariPool-74 connection adder","level":"DEBUG","level_value":10000,"appname":"authen_apiv2"}
{"@timestamp":"2024-08-07T10:28:19.416+07:00","@version":"1","message":"HikariPool-73 - Added connection S0627AAT","logger_name":"com.zaxxer.hikari.pool.HikariPool","thread_name":"HikariPool-73 connection adder","level":"DEBUG","level_value":10000,"appname":"authen_apiv2"}
{"@timestamp":"2024-08-07T10:28:19.677+07:00","@version":"1","message":"HikariPool-74 - Added connection S0627AAT","logger_name":"com.zaxxer.hikari.pool.HikariPool","thread_name":"HikariPool-74 connection adder","level":"DEBUG","level_value":10000,"appname":"authen_apiv2"}
{"@timestamp":"2024-08-07T10:28:19.678+07:00","@version":"1","message":"HikariPool-73 - Added connection S0627AAT","logger_name":"com.zaxxer.hikari.pool.HikariPool","thread_name":"HikariPool-73 connection adder","level":"DEBUG","level_value":10000,"appname":"authen_apiv2"}
{"@timestamp":"2024-08-07T10:28:19.942+07:00","@version":"1","message":"HikariPool-74 - Added connection S0627AAT","logger_name":"com.zaxxer.hikari.pool.HikariPool","thread_name":"HikariPool-74 connection adder","level":"DEBUG","level_value":10000,"appname":"authen_apiv2"}
{"@timestamp":"2024-08-07T10:28:19.946+07:00","@version":"1","message":"HikariPool-73 - Added connection S0627AAT","logger_name":"com.zaxxer.hikari.pool.HikariPool","thread_name":"HikariPool-73 connection adder","level":"DEBUG","level_value":10000,"appname":"authen_apiv2"}
{"@timestamp":"2024-08-07T10:28:20.201+07:00","@version":"1","message":"HikariPool-74 - Added connection S0627AAT","logger_name":"com.zaxxer.hikari.pool.HikariPool","thread_name":"HikariPool-74 connection adder","level":"DEBUG","level_value":10000,"appname":"authen_apiv2"}
{"@timestamp":"2024-08-07T10:28:20.201+07:00","@version":"1","message":"HikariPool-74 - After adding stats (total=10, active=0, idle=10, waiting=0)","logger_name":"com.zaxxer.hikari.pool.HikariPool","thread_name":"HikariPool-74 connection adder","level":"DEBUG","level_value":10000,"appname":"authen_apiv2"}
{"@timestamp":"2024-08-07T10:28:20.469+07:00","@version":"1","message":"HikariPool-73 - Added connection S0627AAT","logger_name":"com.zaxxer.hikari.pool.HikariPool","thread_name":"HikariPool-73 connection adder","level":"DEBUG","level_value":10000,"appname":"authen_apiv2"}
{"@timestamp":"2024-08-07T10:28:20.469+07:00","@version":"1","message":"HikariPool-73 - After adding stats (total=10, active=0, idle=10, waiting=0)","logger_name":"com.zaxxer.hikari.pool.HikariPool","thread_name":"HikariPool-73 connection adder","level":"DEBUG","level_value":10000,"appname":"authen_apiv2"}
{"@timestamp":"2024-08-07T10:28:26.578+07:00","@version":"1","message":"Restarting due to 2 class path changes (1 addition, 1 deletion, 0 modifications)","logger_name":"org.springframework.boot.devtools.autoconfigure.LocalDevToolsAutoConfiguration$RestartingClassPathChangeChangedEventListener","thread_name":"File Watcher","level":"INFO","level_value":20000,"appname":"authen_apiv2"}
{"@timestamp":"2024-08-07T10:28:26.578+07:00","@version":"1","message":"Change set: [D:\\files\\api_project\\authen_apiv2\\target\\classes [D:\\files\\api_project\\authen_apiv2\\target\\classes\\logback-spring.xml.bak (ADD), D:\\files\\api_project\\authen_apiv2\\target\\classes\\logback-spring.xml (DELETE)]]","logger_name":"org.springframework.boot.devtools.autoconfigure.LocalDevToolsAutoConfiguration$RestartingClassPathChangeChangedEventListener","thread_name":"File Watcher","level":"DEBUG","level_value":10000,"appname":"authen_apiv2"}
{"@timestamp":"2024-08-07T10:28:26.58+07:00","@version":"1","message":"Restarting application","logger_name":"org.springframework.boot.devtools.restart.Restarter","thread_name":"File Watcher","level":"DEBUG","level_value":10000,"appname":"authen_apiv2"}
{"@timestamp":"2024-08-07T10:28:26.58+07:00","@version":"1","message":"Stopping application","logger_name":"org.springframework.boot.devtools.restart.Restarter","thread_name":"Thread-209","level":"DEBUG","level_value":10000,"appname":"authen_apiv2"}
{"@timestamp":"2024-08-07T10:28:26.58+07:00","@version":"1","message":"Application availability state ReadinessState changed from ACCEPTING_TRAFFIC to REFUSING_TRAFFIC","logger_name":"org.springframework.boot.availability.ApplicationAvailabilityBean","thread_name":"Thread-209","level":"DEBUG","level_value":10000,"appname":"authen_apiv2"}
{"@timestamp":"2024-08-07T10:28:26.58+07:00","@version":"1","message":"Closing org.springframework.boot.web.servlet.context.AnnotationConfigServletWebServerApplicationContext@553006b3, started on Wed Aug 07 10:28:16 ICT 2024","logger_name":"org.springframework.boot.web.servlet.context.AnnotationConfigServletWebServerApplicationContext","thread_name":"Thread-209","level":"DEBUG","level_value":10000,"appname":"authen_apiv2"}
{"@timestamp":"2024-08-07T10:28:26.58+07:00","@version":"1","message":"Stopping beans in phase 2147483647","logger_name":"org.springframework.context.support.DefaultLifecycleProcessor","thread_name":"Thread-209","level":"DEBUG","level_value":10000,"appname":"authen_apiv2"}
{"@timestamp":"2024-08-07T10:28:26.582+07:00","@version":"1","message":"Bean 'webServerGracefulShutdown' completed its stop procedure","logger_name":"org.springframework.context.support.DefaultLifecycleProcessor","thread_name":"Thread-209","level":"DEBUG","level_value":10000,"appname":"authen_apiv2"}
{"@timestamp":"2024-08-07T10:28:26.582+07:00","@version":"1","message":"Stopping beans in phase 2147483646","logger_name":"org.springframework.context.support.DefaultLifecycleProcessor","thread_name":"Thread-209","level":"DEBUG","level_value":10000,"appname":"authen_apiv2"}
{"@timestamp":"2024-08-07T10:28:26.606+07:00","@version":"1","message":"Pausing ProtocolHandler [\"http-nio-9090\"]","logger_name":"org.apache.coyote.http11.Http11NioProtocol","thread_name":"Thread-209","level":"INFO","level_value":20000,"appname":"authen_apiv2"}
{"@timestamp":"2024-08-07T10:28:26.607+07:00","@version":"1","message":"Stopping service [Tomcat]","logger_name":"org.apache.catalina.core.StandardService","thread_name":"Thread-209","level":"INFO","level_value":20000,"appname":"authen_apiv2"}
{"@timestamp":"2024-08-07T10:28:26.608+07:00","@version":"1","message":"Stopping ProtocolHandler [\"http-nio-9090\"]","logger_name":"org.apache.coyote.http11.Http11NioProtocol","thread_name":"Thread-209","level":"INFO","level_value":20000,"appname":"authen_apiv2"}
{"@timestamp":"2024-08-07T10:28:26.609+07:00","@version":"1","message":"Destroying ProtocolHandler [\"http-nio-9090\"]","logger_name":"org.apache.coyote.http11.Http11NioProtocol","thread_name":"Thread-209","level":"INFO","level_value":20000,"appname":"authen_apiv2"}
{"@timestamp":"2024-08-07T10:28:26.61+07:00","@version":"1","message":"Bean 'webServerStartStop' completed its stop procedure","logger_name":"org.springframework.context.support.DefaultLifecycleProcessor","thread_name":"Thread-209","level":"DEBUG","level_value":10000,"appname":"authen_apiv2"}
{"@timestamp":"2024-08-07T10:28:26.61+07:00","@version":"1","message":"Stopping beans in phase -2147483647","logger_name":"org.springframework.context.support.DefaultLifecycleProcessor","thread_name":"Thread-209","level":"DEBUG","level_value":10000,"appname":"authen_apiv2"}
{"@timestamp":"2024-08-07T10:28:26.61+07:00","@version":"1","message":"Bean 'springBootLoggingLifecycle' completed its stop procedure","logger_name":"org.springframework.context.support.DefaultLifecycleProcessor","thread_name":"Thread-209","level":"DEBUG","level_value":10000,"appname":"authen_apiv2"}
{"@timestamp":"2024-08-07T10:28:26.61+07:00","@version":"1","message":"Unregistering JMX-exposed beans on shutdown","logger_name":"org.springframework.jmx.export.annotation.AnnotationMBeanExporter","thread_name":"Thread-209","level":"DEBUG","level_value":10000,"appname":"authen_apiv2"}
{"@timestamp":"2024-08-07T10:28:26.61+07:00","@version":"1","message":"Unregistering JMX-exposed beans","logger_name":"org.springframework.jmx.export.annotation.AnnotationMBeanExporter","thread_name":"Thread-209","level":"DEBUG","level_value":10000,"appname":"authen_apiv2"}
{"@timestamp":"2024-08-07T10:28:26.61+07:00","@version":"1","message":"Shutting down ExecutorService 'applicationTaskExecutor'","logger_name":"org.springframework.scheduling.concurrent.ThreadPoolTaskExecutor","thread_name":"Thread-209","level":"DEBUG","level_value":10000,"appname":"authen_apiv2"}
{"@timestamp":"2024-08-07T10:28:26.611+07:00","@version":"1","message":"Closing JPA EntityManagerFactory for persistence unit 'default'","logger_name":"org.springframework.orm.jpa.LocalContainerEntityManagerFactoryBean","thread_name":"Thread-209","level":"INFO","level_value":20000,"appname":"authen_apiv2"}
{"@timestamp":"2024-08-07T10:28:26.611+07:00","@version":"1","message":"HHH000031: Closing","logger_name":"org.hibernate.internal.SessionFactoryImpl","thread_name":"Thread-209","level":"DEBUG","level_value":10000,"appname":"authen_apiv2"}
{"@timestamp":"2024-08-07T10:28:26.611+07:00","@version":"1","message":"Un-scoping TypeConfiguration [org.hibernate.type.spi.TypeConfiguration$Scope@2c3a65ed] from SessionFactory [org.hibernate.internal.SessionFactoryImpl@2aaed43b]","logger_name":"org.hibernate.type.spi.TypeConfiguration$Scope","thread_name":"Thread-209","level":"DEBUG","level_value":10000,"appname":"authen_apiv2"}
{"@timestamp":"2024-08-07T10:28:26.611+07:00","@version":"1","message":"Implicitly destroying ServiceRegistry on de-registration of all child ServiceRegistries","logger_name":"org.hibernate.service.internal.AbstractServiceRegistryImpl","thread_name":"Thread-209","level":"DEBUG","level_value":10000,"appname":"authen_apiv2"}
{"@timestamp":"2024-08-07T10:28:26.611+07:00","@version":"1","message":"Implicitly destroying Boot-strap registry on de-registration of all child ServiceRegistries","logger_name":"org.hibernate.boot.registry.internal.BootstrapServiceRegistryImpl","thread_name":"Thread-209","level":"DEBUG","level_value":10000,"appname":"authen_apiv2"}
{"@timestamp":"2024-08-07T10:28:26.611+07:00","@version":"1","message":"Closing JPA EntityManagerFactory for persistence unit 'default'","logger_name":"org.springframework.orm.jpa.LocalContainerEntityManagerFactoryBean","thread_name":"Thread-209","level":"INFO","level_value":20000,"appname":"authen_apiv2"}
{"@timestamp":"2024-08-07T10:28:26.611+07:00","@version":"1","message":"HHH000031: Closing","logger_name":"org.hibernate.internal.SessionFactoryImpl","thread_name":"Thread-209","level":"DEBUG","level_value":10000,"appname":"authen_apiv2"}
{"@timestamp":"2024-08-07T10:28:26.611+07:00","@version":"1","message":"Un-scoping TypeConfiguration [org.hibernate.type.spi.TypeConfiguration$Scope@4b7333d9] from SessionFactory [org.hibernate.internal.SessionFactoryImpl@2e4a3f6]","logger_name":"org.hibernate.type.spi.TypeConfiguration$Scope","thread_name":"Thread-209","level":"DEBUG","level_value":10000,"appname":"authen_apiv2"}
{"@timestamp":"2024-08-07T10:28:26.611+07:00","@version":"1","message":"Implicitly destroying ServiceRegistry on de-registration of all child ServiceRegistries","logger_name":"org.hibernate.service.internal.AbstractServiceRegistryImpl","thread_name":"Thread-209","level":"DEBUG","level_value":10000,"appname":"authen_apiv2"}
{"@timestamp":"2024-08-07T10:28:26.611+07:00","@version":"1","message":"Implicitly destroying Boot-strap registry on de-registration of all child ServiceRegistries","logger_name":"org.hibernate.boot.registry.internal.BootstrapServiceRegistryImpl","thread_name":"Thread-209","level":"DEBUG","level_value":10000,"appname":"authen_apiv2"}
{"@timestamp":"2024-08-07T10:28:26.612+07:00","@version":"1","message":"HikariPool-74 - Shutdown initiated...","logger_name":"com.zaxxer.hikari.HikariDataSource","thread_name":"Thread-209","level":"INFO","level_value":20000,"appname":"authen_apiv2"}
{"@timestamp":"2024-08-07T10:28:26.612+07:00","@version":"1","message":"HikariPool-74 - Before shutdown stats (total=10, active=0, idle=10, waiting=0)","logger_name":"com.zaxxer.hikari.pool.HikariPool","thread_name":"Thread-209","level":"DEBUG","level_value":10000,"appname":"authen_apiv2"}
{"@timestamp":"2024-08-07T10:28:26.612+07:00","@version":"1","message":"HikariPool-74 - Closing connection S0627AAT: (connection evicted)","logger_name":"com.zaxxer.hikari.pool.PoolBase","thread_name":"HikariPool-74 connection closer","level":"DEBUG","level_value":10000,"appname":"authen_apiv2"}
{"@timestamp":"2024-08-07T10:28:26.613+07:00","@version":"1","message":"HikariPool-74 - Closing connection S0627AAT: (connection evicted)","logger_name":"com.zaxxer.hikari.pool.PoolBase","thread_name":"HikariPool-74 connection closer","level":"DEBUG","level_value":10000,"appname":"authen_apiv2"}
{"@timestamp":"2024-08-07T10:28:26.613+07:00","@version":"1","message":"HikariPool-74 - Closing connection S0627AAT: (connection evicted)","logger_name":"com.zaxxer.hikari.pool.PoolBase","thread_name":"HikariPool-74 connection closer","level":"DEBUG","level_value":10000,"appname":"authen_apiv2"}
{"@timestamp":"2024-08-07T10:28:26.614+07:00","@version":"1","message":"HikariPool-74 - Closing connection S0627AAT: (connection evicted)","logger_name":"com.zaxxer.hikari.pool.PoolBase","thread_name":"HikariPool-74 connection closer","level":"DEBUG","level_value":10000,"appname":"authen_apiv2"}
{"@timestamp":"2024-08-07T10:28:26.614+07:00","@version":"1","message":"HikariPool-74 - Closing connection S0627AAT: (connection evicted)","logger_name":"com.zaxxer.hikari.pool.PoolBase","thread_name":"HikariPool-74 connection closer","level":"DEBUG","level_value":10000,"appname":"authen_apiv2"}
{"@timestamp":"2024-08-07T10:28:26.614+07:00","@version":"1","message":"HikariPool-74 - Closing connection S0627AAT: (connection evicted)","logger_name":"com.zaxxer.hikari.pool.PoolBase","thread_name":"HikariPool-74 connection closer","level":"DEBUG","level_value":10000,"appname":"authen_apiv2"}
{"@timestamp":"2024-08-07T10:28:26.615+07:00","@version":"1","message":"HikariPool-74 - Closing connection S0627AAT: (connection evicted)","logger_name":"com.zaxxer.hikari.pool.PoolBase","thread_name":"HikariPool-74 connection closer","level":"DEBUG","level_value":10000,"appname":"authen_apiv2"}
{"@timestamp":"2024-08-07T10:28:26.615+07:00","@version":"1","message":"HikariPool-74 - Closing connection S0627AAT: (connection evicted)","logger_name":"com.zaxxer.hikari.pool.PoolBase","thread_name":"HikariPool-74 connection closer","level":"DEBUG","level_value":10000,"appname":"authen_apiv2"}
{"@timestamp":"2024-08-07T10:28:26.616+07:00","@version":"1","message":"HikariPool-74 - Closing connection S0627AAT: (connection evicted)","logger_name":"com.zaxxer.hikari.pool.PoolBase","thread_name":"HikariPool-74 connection closer","level":"DEBUG","level_value":10000,"appname":"authen_apiv2"}
{"@timestamp":"2024-08-07T10:28:26.616+07:00","@version":"1","message":"HikariPool-74 - Closing connection S0627AAT: (connection evicted)","logger_name":"com.zaxxer.hikari.pool.PoolBase","thread_name":"HikariPool-74 connection closer","level":"DEBUG","level_value":10000,"appname":"authen_apiv2"}
{"@timestamp":"2024-08-07T10:28:26.617+07:00","@version":"1","message":"HikariPool-74 - After shutdown stats (total=0, active=0, idle=0, waiting=0)","logger_name":"com.zaxxer.hikari.pool.HikariPool","thread_name":"Thread-209","level":"DEBUG","level_value":10000,"appname":"authen_apiv2"}
{"@timestamp":"2024-08-07T10:28:26.617+07:00","@version":"1","message":"HikariPool-74 - Shutdown completed.","logger_name":"com.zaxxer.hikari.HikariDataSource","thread_name":"Thread-209","level":"INFO","level_value":20000,"appname":"authen_apiv2"}
{"@timestamp":"2024-08-07T10:28:26.617+07:00","@version":"1","message":"HikariPool-73 - Shutdown initiated...","logger_name":"com.zaxxer.hikari.HikariDataSource","thread_name":"Thread-209","level":"INFO","level_value":20000,"appname":"authen_apiv2"}
{"@timestamp":"2024-08-07T10:28:26.617+07:00","@version":"1","message":"HikariPool-73 - Before shutdown stats (total=10, active=0, idle=10, waiting=0)","logger_name":"com.zaxxer.hikari.pool.HikariPool","thread_name":"Thread-209","level":"DEBUG","level_value":10000,"appname":"authen_apiv2"}
{"@timestamp":"2024-08-07T10:28:26.617+07:00","@version":"1","message":"HikariPool-73 - Closing connection S0627AAT: (connection evicted)","logger_name":"com.zaxxer.hikari.pool.PoolBase","thread_name":"HikariPool-73 connection closer","level":"DEBUG","level_value":10000,"appname":"authen_apiv2"}
{"@timestamp":"2024-08-07T10:28:26.619+07:00","@version":"1","message":"HikariPool-73 - Closing connection S0627AAT: (connection evicted)","logger_name":"com.zaxxer.hikari.pool.PoolBase","thread_name":"HikariPool-73 connection closer","level":"DEBUG","level_value":10000,"appname":"authen_apiv2"}
{"@timestamp":"2024-08-07T10:28:26.619+07:00","@version":"1","message":"HikariPool-73 - Closing connection S0627AAT: (connection evicted)","logger_name":"com.zaxxer.hikari.pool.PoolBase","thread_name":"HikariPool-73 connection closer","level":"DEBUG","level_value":10000,"appname":"authen_apiv2"}
{"@timestamp":"2024-08-07T10:28:26.619+07:00","@version":"1","message":"HikariPool-73 - Closing connection S0627AAT: (connection evicted)","logger_name":"com.zaxxer.hikari.pool.PoolBase","thread_name":"HikariPool-73 connection closer","level":"DEBUG","level_value":10000,"appname":"authen_apiv2"}
{"@timestamp":"2024-08-07T10:28:26.62+07:00","@version":"1","message":"HikariPool-73 - Closing connection S0627AAT: (connection evicted)","logger_name":"com.zaxxer.hikari.pool.PoolBase","thread_name":"HikariPool-73 connection closer","level":"DEBUG","level_value":10000,"appname":"authen_apiv2"}
{"@timestamp":"2024-08-07T10:28:26.62+07:00","@version":"1","message":"HikariPool-73 - Closing connection S0627AAT: (connection evicted)","logger_name":"com.zaxxer.hikari.pool.PoolBase","thread_name":"HikariPool-73 connection closer","level":"DEBUG","level_value":10000,"appname":"authen_apiv2"}
{"@timestamp":"2024-08-07T10:28:26.621+07:00","@version":"1","message":"HikariPool-73 - Closing connection S0627AAT: (connection evicted)","logger_name":"com.zaxxer.hikari.pool.PoolBase","thread_name":"HikariPool-73 connection closer","level":"DEBUG","level_value":10000,"appname":"authen_apiv2"}
{"@timestamp":"2024-08-07T10:28:26.621+07:00","@version":"1","message":"HikariPool-73 - Closing connection S0627AAT: (connection evicted)","logger_name":"com.zaxxer.hikari.pool.PoolBase","thread_name":"HikariPool-73 connection closer","level":"DEBUG","level_value":10000,"appname":"authen_apiv2"}
{"@timestamp":"2024-08-07T10:28:26.622+07:00","@version":"1","message":"HikariPool-73 - Closing connection S0627AAT: (connection evicted)","logger_name":"com.zaxxer.hikari.pool.PoolBase","thread_name":"HikariPool-73 connection closer","level":"DEBUG","level_value":10000,"appname":"authen_apiv2"}
{"@timestamp":"2024-08-07T10:28:26.623+07:00","@version":"1","message":"HikariPool-73 - Closing connection S0627AAT: (connection evicted)","logger_name":"com.zaxxer.hikari.pool.PoolBase","thread_name":"HikariPool-73 connection closer","level":"DEBUG","level_value":10000,"appname":"authen_apiv2"}
{"@timestamp":"2024-08-07T10:28:26.623+07:00","@version":"1","message":"HikariPool-73 - After shutdown stats (total=0, active=0, idle=0, waiting=0)","logger_name":"com.zaxxer.hikari.pool.HikariPool","thread_name":"Thread-209","level":"DEBUG","level_value":10000,"appname":"authen_apiv2"}
{"@timestamp":"2024-08-07T10:28:26.624+07:00","@version":"1","message":"HikariPool-73 - Shutdown completed.","logger_name":"com.zaxxer.hikari.HikariDataSource","thread_name":"Thread-209","level":"INFO","level_value":20000,"appname":"authen_apiv2"}
{"@timestamp":"2024-08-07T10:28:26.68+07:00","@version":"1","message":"Created RestartClassLoader org.springframework.boot.devtools.restart.classloader.RestartClassLoader@4c159aa2","logger_name":"org.springframework.boot.devtools.restart.classloader.RestartClassLoader","thread_name":"Thread-209","level":"DEBUG","level_value":10000,"appname":"authen_apiv2"}
{"@timestamp":"2024-08-07T10:28:26.681+07:00","@version":"1","message":"Starting application com.br.api.AuthenApiv2Application with URLs [file:/D:/files/api_project/authen_apiv2/target/classes/]","logger_name":"org.springframework.boot.devtools.restart.Restarter","thread_name":"Thread-209","level":"DEBUG","level_value":10000,"appname":"authen_apiv2"}
